<?xml version="1.0" encoding="UTF-8"?>
<!-- Generated by org.testng.reporters.JUnitReportReporter -->
<testsuite hostname="DESKTOP-KGVPSEL" failures="0" tests="1" name="tests.EntrataTests" time="10.326" errors="0" timestamp="2025-07-20T18:04:39 IST" skipped="0">
  <testcase classname="tests.EntrataTests" name="testAffordableNavigation" time="10.326"/>
</testsuite> <!-- tests.EntrataTests -->
