<?xml version="1.0" encoding="UTF-8"?>
<!-- Generated by org.testng.reporters.JUnitReportReporter -->
<testsuite hostname="DESKTOP-KGVPSEL" failures="0" tests="4" name="tests.SeleniumTestsEntrata" time="61.358" errors="0" timestamp="2025-07-21T01:18:57 IST" skipped="0">
  <testcase classname="tests.SeleniumTestsEntrata" name="testSignInButton" time="8.254"/>
  <testcase classname="tests.SeleniumTestsEntrata" name="testAffordableNavigation" time="30.572"/>
  <testcase classname="tests.SeleniumTestsEntrata" name="testVideoPlay" time="12.094"/>
  <testcase classname="tests.SeleniumTestsEntrata" name="testDemo" time="10.438"/>
</testsuite> <!-- tests.SeleniumTestsEntrata -->
