<?xml version="1.0" encoding="UTF-8"?>
<!-- Generated by org.testng.reporters.JUnitReportReporter -->
<testsuite hostname="DESKTOP-KGVPSEL" failures="0" tests="4" name="tests.EntrataTests" time="42.911" errors="0" timestamp="2025-07-20T18:36:50 IST" skipped="0">
  <testcase classname="tests.EntrataTests" name="testSignInButton" time="11.851"/>
  <testcase classname="tests.EntrataTests" name="testAffordableNavigation" time="9.288"/>
  <testcase classname="tests.EntrataTests" name="testVideoPlay" time="5.883"/>
  <testcase classname="tests.EntrataTests" name="testDemo" time="15.889"/>
</testsuite> <!-- tests.EntrataTests -->
